<?xml version="1.0" encoding="UTF-8"?>
<!-- Generated by org.testng.reporters.JUnitReportReporter -->
<testsuite hostname="DESKTOP-BGM84KH" failures="0" tests="1" name="NewTest" time="0.007" errors="0" timestamp="2024-01-28T06:36:57 IST" skipped="0">
  <testcase classname="NewTest" name="f" time="0.007"/>
</testsuite> <!-- NewTest -->
